\BOOKMARK [0][-]{chapter.1}{\376\377\151\202\163\207\213\272\137\025\213\272}{}% 1
\BOOKMARK [1][-]{section.1.1}{\376\377\137\025\212\000}{chapter.1}% 2
\BOOKMARK [1][-]{section.1.2}{\376\377\150\067\147\054\172\172\225\364\116\016\116\213\116\366}{chapter.1}% 3
\BOOKMARK [1][-]{section.1.3}{\376\377\133\232\116\111\127\050\116\213\116\366\116\012\166\204\151\202\163\207}{chapter.1}% 4
\BOOKMARK [1][-]{section.1.4}{\376\377\147\141\116\366\151\202\163\207}{chapter.1}% 5
\BOOKMARK [1][-]{section.1.5}{\376\377\162\354\172\313\116\213\116\366}{chapter.1}% 6
\BOOKMARK [1][-]{section.1.6}{\376\377\215\035\123\366\145\257\121\154\137\017}{chapter.1}% 7
\BOOKMARK [0][-]{chapter.2}{\376\377\226\217\147\072\123\330\221\317}{}% 8
\BOOKMARK [1][-]{section.2.1}{\376\377\226\217\147\072\123\330\221\317}{chapter.2}% 9
\BOOKMARK [1][-]{section.2.2}{\376\377\171\273\145\143\226\217\147\072\123\330\221\317}{chapter.2}% 10
\BOOKMARK [2][-]{subsection.2.2.1}{\376\377\151\202\163\207\215\050\221\317\121\375\145\160\000\040\000\050\000p\000m\000f\000\051}{section.2.2}% 11
\BOOKMARK [2][-]{subsection.2.2.2}{\376\377\175\057\171\357\122\006\136\003\121\375\145\160\377\010\000c\000d\000f\377\011}{section.2.2}% 12
\BOOKMARK [2][-]{subsection.2.2.3}{\376\377\136\070\165\050\171\273\145\143\226\217\147\072\123\330\221\317}{section.2.2}% 13
\BOOKMARK [1][-]{section.2.3}{\376\377\217\336\176\355\226\217\147\072\123\330\221\317}{chapter.2}% 14
\BOOKMARK [2][-]{subsection.2.3.1}{\376\377\136\070\165\050\217\336\176\355\226\217\147\072\123\330\221\317}{section.2.3}% 15
\BOOKMARK [1][-]{section.2.4}{\376\377\226\217\147\072\123\330\221\317\166\204\147\037\147\033}{chapter.2}% 16
\BOOKMARK [2][-]{subsection.2.4.1}{\376\377\171\273\145\143}{section.2.4}% 17
\BOOKMARK [2][-]{subsection.2.4.2}{\376\377\217\336\176\355}{section.2.4}% 18
\BOOKMARK [2][-]{subsection.2.4.3}{\376\377\226\217\147\072\123\330\221\317\166\204\121\375\145\160\166\204\147\037\147\033\060\001\145\271\135\356}{section.2.4}% 19
\BOOKMARK [1][-]{section.2.5}{\376\377\200\124\124\010\122\006\136\003\166\204\226\217\147\072\123\330\221\317}{chapter.2}% 20
\BOOKMARK [2][-]{subsection.2.5.1}{\376\377\162\354\172\313\226\217\147\072\123\330\221\317}{section.2.5}% 21
\BOOKMARK [2][-]{subsection.2.5.2}{\376\377\123\117\145\271\135\356}{section.2.5}% 22
\BOOKMARK [1][-]{section.2.6}{\376\377\167\351\153\315\121\375\145\160\000\040\000E\000[\000e\000\136\000\173\000t\000x\000\175\000]}{chapter.2}% 23
\BOOKMARK [1][-]{section.2.7}{\376\377\123\321\165\037\116\213\116\366\145\160\166\204\122\006\136\003\000\040\000\050\165\145\217\307\000\051}{chapter.2}% 24
\BOOKMARK [1][-]{section.2.8}{\376\377\147\201\226\120\133\232\164\006}{chapter.2}% 25
\BOOKMARK [2][-]{subsection.2.8.1}{\376\377\131\047\145\160\133\232\137\213}{section.2.8}% 26
\BOOKMARK [2][-]{subsection.2.8.2}{\376\377\116\055\137\303\147\201\226\120\133\232\164\006}{section.2.8}% 27
\BOOKMARK [1][-]{section.2.9}{\376\377\226\217\147\072\217\307\172\013}{chapter.2}% 28
\BOOKMARK [2][-]{subsection.2.9.1}{\376\377\226\217\147\072\217\307\172\013\166\204\133\232\116\111}{section.2.9}% 29
\BOOKMARK [2][-]{subsection.2.9.2}{\376\377\116\000\116\052\226\217\147\072\217\307\172\013\166\204\171\072\117\213}{section.2.9}% 30
\BOOKMARK [0][-]{chapter.3}{\376\377\226\217\147\072\123\330\221\317}{}% 31
\BOOKMARK [0][-]{chapter.4}{\376\377\232\154\134\024\123\357\131\053\224\376}{}% 32
\BOOKMARK [1][-]{section.4.1}{\376\377\137\025\212\000}{chapter.4}% 33
\BOOKMARK [1][-]{section.4.2}{\376\377\000C\000\040\000-\000\040\000K\000\040\145\271\172\013}{chapter.4}% 34
\BOOKMARK [1][-]{section.4.3}{\376\377\162\266\140\001\166\204\122\006\174\173}{chapter.4}% 35
\BOOKMARK [1][-]{section.4.4}{\376\377\225\177\172\013\140\047\215\050\124\214\147\201\226\120\151\202\163\207}{chapter.4}% 36
\BOOKMARK [1][-]{section.4.5}{\376\377\116\000\116\233\136\224\165\050}{chapter.4}% 37
\BOOKMARK [1][-]{section.4.6}{\376\377\127\050\146\202\140\001\120\134\165\131\166\204\136\163\127\107\145\366\225\364}{chapter.4}% 38
\BOOKMARK [1][-]{section.4.7}{\376\377\122\006\145\057\217\307\172\013}{chapter.4}% 39
\BOOKMARK [1][-]{section.4.8}{\376\377\145\366\225\364\123\357\220\006\166\204\232\154\134\024\123\357\131\053\224\376}{chapter.4}% 40
\BOOKMARK [1][-]{section.4.9}{\376\377\232\154\134\024\123\357\131\053\224\376\204\231\162\171\123\141\177\127\145\271\154\325}{chapter.4}% 41
\BOOKMARK [1][-]{section.4.10}{\376\377\232\154\134\024\123\357\131\053\121\263\173\126\217\307\172\013}{chapter.4}% 42
\BOOKMARK [1][-]{section.4.11}{\376\377\226\220\232\154\134\024\123\357\131\053\224\376}{chapter.4}% 43
\BOOKMARK [0][-]{section.4.11}{\376\377\226\104\137\125}{}% 44
\BOOKMARK [0][-]{appendix.A}{\376\377\117\131\227\363\176\325\150\201}{}% 45
